Using pre-set license
Built from '2021.1/staging' branch; Version is '2021.1.17f1 (03b40fe07a36) revision 242703'; Using compiler version '192528614'; Build Type 'Release'
OS: 'Windows 10 Pro; OS build 22621.3007; Version 2009; 64bit' Language: 'ko' Physical Memory: 15789 MB
BatchMode: 1, IsHumanControllingUs: 0, StartBugReporterOnCrash: 0, Is64bit: 1, IsPro: 0

 COMMAND LINE ARGUMENTS:
C:\Program Files\Unity\Hub\Editor\2021.1.17f1\Editor\Unity.exe
-adb2
-batchMode
-noUpm
-name
AssetImportWorker0
-projectPath
C:/Users/moonc/OneDrive/바탕화~1-DESKTOP-UMVPQC0-23784872/SWU/22Dission 소학회/Dission code ESC 조/Paranoia_final
-logFile
Logs/AssetImportWorker0.log
-srvPort
63222
Successfully changed project path to: C:/Users/moonc/OneDrive/바탕화~1-DESKTOP-UMVPQC0-23784872/SWU/22Dission 소학회/Dission code ESC 조/Paranoia_final
C:/Users/moonc/OneDrive/바탕화~1-DESKTOP-UMVPQC0-23784872/SWU/22Dission 소학회/Dission code ESC 조/Paranoia_final
Using Asset Import Pipeline V2.
Refreshing native plugins compatible for Editor in 290.75 ms, found 4 plugins.
Preloading 0 native plugins for Editor in 0.00 ms.
Initialize engine version: 2021.1.17f1 (03b40fe07a36)
[Subsystems] Discovering subsystems at path C:/Program Files/Unity/Hub/Editor/2021.1.17f1/Editor/Data/Resources/UnitySubsystems
[Subsystems] Discovering subsystems at path C:/Users/moonc/OneDrive/바탕화~1-DESKTOP-UMVPQC0-23784872/SWU/22Dission 소학회/Dission code ESC 조/Paranoia_final/Assets
GfxDevice: creating device client; threaded=0; jobified=0
Direct3D:
    Version:  Direct3D 11.0 [level 11.1]
    Renderer: AMD Radeon(TM) Graphics (ID=0x1636)
    Vendor:   ATI
    VRAM:     7894 MB
    Driver:   30.0.13036.2
Initialize mono
Mono path[0] = 'C:/Program Files/Unity/Hub/Editor/2021.1.17f1/Editor/Data/Managed'
Mono path[1] = 'C:/Program Files/Unity/Hub/Editor/2021.1.17f1/Editor/Data/MonoBleedingEdge/lib/mono/unityjit'
Mono config path = 'C:/Program Files/Unity/Hub/Editor/2021.1.17f1/Editor/Data/MonoBleedingEdge/etc'
Using monoOptions --debugger-agent=transport=dt_socket,embedding=1,server=y,suspend=n,address=127.0.0.1:56620
Begin MonoManager ReloadAssembly
Registering precompiled unity dll's ...
Register platform support module: C:/Program Files/Unity/Hub/Editor/2021.1.17f1/Editor/Data/PlaybackEngines/WindowsStandaloneSupport/UnityEditor.WindowsStandalone.Extensions.dll
Registered in 0.004133 seconds.
Native extension for WindowsStandalone target not found
Refreshing native plugins compatible for Editor in 328.00 ms, found 4 plugins.
Preloading 0 native plugins for Editor in 0.00 ms.
Mono: successfully reloaded assembly
- Completed reload, in  3.245 seconds
Domain Reload Profiling:
	ReloadAssembly (3246ms)
		BeginReloadAssembly (147ms)
			ExecutionOrderSort (0ms)
			DisableScriptedObjects (0ms)
			BackupInstance (0ms)
			ReleaseScriptingObjects (0ms)
			CreateAndSetChildDomain (2ms)
		EndReloadAssembly (1272ms)
			LoadAssemblies (141ms)
			RebuildTransferFunctionScriptingTraits (0ms)
			SetupTypeCache (412ms)
			ReleaseScriptCaches (0ms)
			RebuildScriptCaches (83ms)
			SetupLoadedEditorAssemblies (658ms)
				LogAssemblyErrors (0ms)
				InitializePlatformSupportModulesInManaged (15ms)
				SetLoadedEditorAssemblies (1ms)
				RefreshPlugins (328ms)
				BeforeProcessingInitializeOnLoad (3ms)
				ProcessInitializeOnLoadAttributes (233ms)
				ProcessInitializeOnLoadMethodAttributes (78ms)
				AfterProcessingInitializeOnLoad (0ms)
				EditorAssembliesLoaded (0ms)
			ExecutionOrderSort2 (0ms)
			AwakeInstancesAfterBackupRestoration (0ms)
Platform modules already initialized, skipping
Registering precompiled user dll's ...
Registered in 0.016163 seconds.
Begin MonoManager ReloadAssembly
Symbol file LoadedFromMemory doesn't match image C:\Users\moonc\OneDrive\바탕화~1-DESKTOP-UMVPQC0-23784872\SWU\22Dission 소학회\Dission code ESC 조\Paranoia_final\Library\PackageCache\com.unity.visualscripting@1.6.1\Editor\VisualScripting.Core\Dependencies\YamlDotNet\Unity.VisualScripting.YamlDotNet.dll
Symbol file LoadedFromMemory doesn't match image C:\Users\moonc\OneDrive\바탕화~1-DESKTOP-UMVPQC0-23784872\SWU\22Dission 소학회\Dission code ESC 조\Paranoia_final\Library\PackageCache\com.unity.visualscripting@1.6.1\Editor\VisualScripting.Core\Dependencies\DotNetZip\Unity.VisualScripting.IonicZip.dll
Native extension for WindowsStandalone target not found
Refreshing native plugins compatible for Editor in 290.79 ms, found 4 plugins.
Preloading 0 native plugins for Editor in 0.00 ms.
Mono: successfully reloaded assembly
- Completed reload, in  3.600 seconds
Domain Reload Profiling:
	ReloadAssembly (3601ms)
		BeginReloadAssembly (398ms)
			ExecutionOrderSort (0ms)
			DisableScriptedObjects (10ms)
			BackupInstance (0ms)
			ReleaseScriptingObjects (0ms)
			CreateAndSetChildDomain (46ms)
		EndReloadAssembly (3039ms)
			LoadAssemblies (239ms)
			RebuildTransferFunctionScriptingTraits (0ms)
			SetupTypeCache (945ms)
			ReleaseScriptCaches (1ms)
			RebuildScriptCaches (150ms)
			SetupLoadedEditorAssemblies (1445ms)
				LogAssemblyErrors (0ms)
				InitializePlatformSupportModulesInManaged (10ms)
				SetLoadedEditorAssemblies (1ms)
				RefreshPlugins (291ms)
				BeforeProcessingInitializeOnLoad (229ms)
				ProcessInitializeOnLoadAttributes (863ms)
				ProcessInitializeOnLoadMethodAttributes (38ms)
				AfterProcessingInitializeOnLoad (12ms)
				EditorAssembliesLoaded (0ms)
			ExecutionOrderSort2 (0ms)
			AwakeInstancesAfterBackupRestoration (15ms)
Platform modules already initialized, skipping
========================================================================
Worker process is ready to serve import requests
Launched and connected shader compiler UnityShaderCompiler.exe after 0.13 seconds
Refreshing native plugins compatible for Editor in 3.40 ms, found 4 plugins.
Preloading 0 native plugins for Editor in 0.00 ms.
Unloading 3764 Unused Serialized files (Serialized files now loaded: 0)
System memory in use before: 142.2 MB.
System memory in use after: 142.4 MB.

Unloading 32 unused Assets to reduce memory usage. Loaded Objects now: 4214.
Total: 7.694600 ms (FindLiveObjects: 0.552300 ms CreateObjectMapping: 0.233200 ms MarkObjects: 6.775700 ms  DeleteObjects: 0.130700 ms)

AssetImportParameters requested are different than current active one (requested -> active):
  custom:framework-win-MediaFoundation: 216162199b28c13a410421893ffa2e32 -> 
  custom:video-decoder-ogg-theora: a1e56fd34408186e4bbccfd4996cb3dc -> 
  custom:container-muxer-webm: aa71ff27fc2769a1b78a27578f13a17b -> 
  custom:container-demuxer-webm: 4f35f7cbe854078d1ac9338744f61a02 -> 
  custom:container-demuxer-ogg: 62fdf1f143b41e24485cea50d1cbac27 -> 
  custom:video-encoder-webm-vp8: eb34c28f22e8b96e1ab97ce403110664 -> 
  custom:video-decoder-webm-vp8: 9c59270c3fd7afecdb556c50c9e8de78 -> 
  custom:audio-decoder-ogg-vorbis: bf7c407c2cedff20999df2af8eb42d56 -> 
  custom:audio-encoder-webm-vorbis: bf7c407c2cedff20999df2af8eb42d56 -> 
========================================================================
Received Import Request.
  path: Assets/Scripts/Inventory.cs
  artifactKey: Guid(5261b46045df2904e966b93be1433934) Importer(815301076,1909f56bfc062723c751e8b465ee728b)
Start importing Assets/Scripts/Inventory.cs using Guid(5261b46045df2904e966b93be1433934) Importer(815301076,1909f56bfc062723c751e8b465ee728b)  -> (artifact id: 'fd317c435fac2a7aebf33f078078d257') in 0.057176 seconds 
========================================================================
Received Import Request.
  Time since last request: 56.647867 seconds.
  path: Assets/Scripts/InventoryCtrl.cs
  artifactKey: Guid(a480d76d4edcbab429886b19c8143508) Importer(815301076,1909f56bfc062723c751e8b465ee728b)
Start importing Assets/Scripts/InventoryCtrl.cs using Guid(a480d76d4edcbab429886b19c8143508) Importer(815301076,1909f56bfc062723c751e8b465ee728b)  -> (artifact id: '290f449303e2926ecaea10dd4ece4a34') in 0.020195 seconds 
========================================================================
Received Import Request.
  Time since last request: 16.545344 seconds.
  path: Assets/Scripts/Dialogue.cs
  artifactKey: Guid(fc4f2c01b4b645b45b102013b023d175) Importer(815301076,1909f56bfc062723c751e8b465ee728b)
Start importing Assets/Scripts/Dialogue.cs using Guid(fc4f2c01b4b645b45b102013b023d175) Importer(815301076,1909f56bfc062723c751e8b465ee728b)  -> (artifact id: 'c72cd642f48b668125ee19ac28e90328') in 0.021481 seconds 
========================================================================
Received Import Request.
  Time since last request: 8.377590 seconds.
  path: Assets/Scripts/active.cs
  artifactKey: Guid(ff83dfbe85282af48b49e477fd64d40d) Importer(815301076,1909f56bfc062723c751e8b465ee728b)
Start importing Assets/Scripts/active.cs using Guid(ff83dfbe85282af48b49e477fd64d40d) Importer(815301076,1909f56bfc062723c751e8b465ee728b)  -> (artifact id: 'e988656ce4e55c8455045cf7439fb22d') in 0.024911 seconds 
========================================================================
Received Import Request.
  Time since last request: 0.385644 seconds.
  path: Assets/Scripts/AudioManager.cs
  artifactKey: Guid(6a88dc233bd996244a6ecd663f7d78b5) Importer(815301076,1909f56bfc062723c751e8b465ee728b)
Start importing Assets/Scripts/AudioManager.cs using Guid(6a88dc233bd996244a6ecd663f7d78b5) Importer(815301076,1909f56bfc062723c751e8b465ee728b)  -> (artifact id: 'd702b9361b60a051d2fee075f7d938db') in 0.025341 seconds 
========================================================================
Received Import Request.
  Time since last request: 0.750657 seconds.
  path: Assets/Scripts/AutoChangeScene.cs
  artifactKey: Guid(5f27e9becb33d07499873e54ec1e6902) Importer(815301076,1909f56bfc062723c751e8b465ee728b)
Start importing Assets/Scripts/AutoChangeScene.cs using Guid(5f27e9becb33d07499873e54ec1e6902) Importer(815301076,1909f56bfc062723c751e8b465ee728b)  -> (artifact id: '5890f1721dd0cab140596129d3b20809') in 0.023760 seconds 
========================================================================
Received Import Request.
  Time since last request: 13.683206 seconds.
  path: Assets/Scripts/ChooseroomButton.cs
  artifactKey: Guid(a980b260a4657e94bb35465e34987025) Importer(815301076,1909f56bfc062723c751e8b465ee728b)
Start importing Assets/Scripts/ChooseroomButton.cs using Guid(a980b260a4657e94bb35465e34987025) Importer(815301076,1909f56bfc062723c751e8b465ee728b)  -> (artifact id: '99b78756446299aff21b1b7f0e9b08f4') in 0.021126 seconds 
AssetImportWorkerClient::OnTransportError - code=2 error=End of file
